# Logfile created on 2021-12-04 07:42:00 +0000 by logger.rb/v1.4.2
 DEBUG [2301b470] 	* Getting cowboy (Hex package)
 DEBUG [2301b470] 	* Getting cowboy_telemetry (Hex package)
 DEBUG [2301b470] 	* Getting cowlib (Hex package)
 DEBUG [2301b470] 	* Getting ranch (Hex package)
 DEBUG [2301b470] 	* Getting plug_crypto (Hex package)
  INFO [2301b470] Finished in 5.135 seconds with exit status 0 (successful).
 DEBUG [83f9b8e0] Running if test ! -d /home/deployer/apps/myhive/releases/20211204074149; then echo "Directory does not exist '/home/deployer/apps/myhive/releases/20211204074149'" 1>&2; false; fi as deployer@my-hive.co.uk
 DEBUG [83f9b8e0] Command: if test ! -d /home/deployer/apps/myhive/releases/20211204074149; then echo "Directory does not exist '/home/deployer/apps/myhive/releases/20211204074149'" 1>&2; false; fi
 DEBUG [83f9b8e0] Finished in 0.125 seconds with exit status 0 (successful).
  INFO [67993b88] Running source /home/deployer/apps/myhive/shared/.env && cd /home/deployer/apps/myhive/releases/20211204074149 && MIX_ENV=prod mix systemd.init as deployer@my-hive.co.uk
 DEBUG [67993b88] Command: source /home/deployer/apps/myhive/shared/.env && cd /home/deployer/apps/myhive/releases/20211204074149 && MIX_ENV=prod mix systemd.init
 DEBUG [67993b88] 	===> Compiling eredis
 DEBUG [67993b88] 	===> Compiling parse_trans
 DEBUG [67993b88] 	==> size
Compiling 1 file (.ex)
 DEBUG [67993b88] 	Generated size app
 DEBUG [67993b88] 	==> sizeable
Compiling 1 file (.ex)
 DEBUG [67993b88] 	Generated sizeable app
 DEBUG [67993b88] 	==> elixlsx
Compiling 24 files (.ex)
 DEBUG [67993b88] 	Generated elixlsx app
 DEBUG [67993b88] 	==> inflex
Compiling 6 files (.ex)
 DEBUG [67993b88] 	Generated inflex app
 DEBUG [67993b88] 	===> Compiling mimerl
 DEBUG [67993b88] 	===> Compiling yamerl
 DEBUG [67993b88] 	==> connection
Compiling 1 file (.ex)
 DEBUG [67993b88] 	Generated connection app
 DEBUG [67993b88] 	==> redix
Compiling 8 files (.ex)
 DEBUG [67993b88] 	Generated redix app
 DEBUG [67993b88] 	==> rambo
Compiling 2 files (.ex)
 DEBUG [67993b88] 	Generated rambo app
 DEBUG [67993b88] 	===> Compiling metrics
 DEBUG [67993b88] 	==> mix_systemd
 DEBUG [67993b88] 	Compiling 2 files (.ex)
 DEBUG [67993b88] 	Generated mix_systemd app
 DEBUG [67993b88] 	==> mix_deploy
Compiling 3 files (.ex)
 DEBUG [67993b88] 	Generated mix_deploy app
 DEBUG [67993b88] 	===> Compiling unicode_util_compat
 DEBUG [67993b88] 	===> Rebar3 detected a lock file from a newer version. It will be loaded in compatibility mode, but important information may be missing or lost. It is recommended to upgrade Rebar3.
 DEBUG [67993b88] 	===> Compiling idna
 DEBUG [67993b88] 	==> gettext
Compiling 1 file (.yrl)
 DEBUG [67993b88] 	Compiling 1 file (.erl)
 DEBUG [67993b88] 	Compiling 20 files (.ex)
 DEBUG [67993b88] 	Generated gettext app
 DEBUG [67993b88] 	==> gen_stage
Compiling 10 files (.ex)
 DEBUG [67993b88] 	Generated gen_stage app
 DEBUG [67993b88] 	==> jose
Compiling 106 files (.erl)
 DEBUG [67993b88] 	Compiling 8 files (.ex)
 DEBUG [67993b88] 	Generated jose app
 DEBUG [67993b88] 	===> Compiling ranch
 DEBUG [67993b88] 	warning: variable "package" does not exist and is being expanded to "package()", please use parentheses to remove the ambiguity or change the variable name
  /home/deployer/apps/myhive/releases/20211204074149/deps/briefly/mix.exs:11: Briefly.Mixfile.project/0

 DEBUG [67993b88] 	warning: variable "deps" does not exist and is being expanded to "deps()", please use parentheses to remove the ambiguity or change the variable name
  /home/deployer/apps/myhive/releases/20211204074149/deps/briefly/mix.exs:12: Briefly.Mixfile.project/0

 DEBUG [67993b88] 	warning: variable "default_env" does not exist and is being expanded to "default_env()", please use parentheses to remove the ambiguity or change the variable name
  /home/deployer/apps/myhive/releases/20211204074149/deps/briefly/mix.exs:21: Briefly.Mixfile.application/0

 DEBUG [67993b88] 	==> briefly
Compiling 4 files (.ex)
 DEBUG [67993b88] 	warning: calling super for GenServer callback handle_info/2 is deprecated
  lib/briefly/entry.ex:48: Briefly.Entry.handle_info/2

 DEBUG [67993b88] 	warning: Supervisor.Spec.supervise/2 is deprecated. Use the new child specifications outlined in the Supervisor module instead
  lib/briefly/supervisor.ex:14: Briefly.Supervisor.init/1

 DEBUG [67993b88] 	Generated briefly app
 DEBUG [67993b88] 	===> Compiling telemetry
 DEBUG [67993b88] 	===> Compiling hpack
 DEBUG [67993b88] 	==> decimal
Compiling 4 files (.ex)
 DEBUG [67993b88] 	Generated decimal app
 DEBUG [67993b88] 	==> jason
Compiling 8 files (.ex)
 DEBUG [67993b88] 	Generated jason app
 DEBUG [67993b88] 	==> poison
Compiling 4 files (.ex)
 DEBUG [67993b88] 	Generated poison app
 DEBUG [67993b88] 	==> ssl_verify_fun
Compiling 7 files (.erl)
 DEBUG [67993b88] 	Generated ssl_verify_fun app
 DEBUG [67993b88] 	===> Compiling gen_smtp
 DEBUG [67993b88] 	==> task_after
Compiling 3 files (.ex)
 DEBUG [67993b88] 	warning: "catch" should always come after "rescue" in try
  lib/task_after/worker.ex:146

 DEBUG [67993b88] 	Generated task_after app
 DEBUG [67993b88] 	==> scrivener
Compiling 4 files (.ex)
 DEBUG [67993b88] 	Generated scrivener app
 DEBUG [67993b88] 	==> html_entities
Compiling 2 files (.ex)
 DEBUG [67993b88] 	Generated html_entities app
 DEBUG [67993b88] 	==> floki
Compiling 1 file (.xrl)
 DEBUG [67993b88] 	Compiling 2 files (.erl)
 DEBUG [67993b88] 	Compiling 24 files (.ex)
 DEBUG [67993b88] 	Generated floki app
 DEBUG [67993b88] 	==> exredis
Compiling 5 files (.ex)
 DEBUG [67993b88] 	Generated exredis app
 DEBUG [67993b88] 	===> Fetching coveralls v2.2.0
 DEBUG [67993b88] 	===> Version cached at /home/deployer/.cache/rebar3/hex/hexpm/packages/coveralls-2.2.0.tar is up to date, reusing it
 DEBUG [67993b88] 	===> Fetching jsx v2.10.0
 DEBUG [67993b88] 	===> Version cached at /home/deployer/.cache/rebar3/hex/hexpm/packages/jsx-2.10.0.tar is up to date, reusing it
 DEBUG [67993b88] 	===> Compiling jsx
 DEBUG [67993b88] 	===> Compiling coveralls
 DEBUG [67993b88] 	===> Compiling pot
 DEBUG [67993b88] 	warning: variable "deps" does not exist and is being expanded to "deps()", please use parentheses to remove the ambiguity or change the variable name
  /home/deployer/apps/myhive/releases/20211204074149/deps/image64/mix.exs:12: ImageBase64Handler.Mixfile.project/0

 DEBUG [67993b88] 	==> image64
Compiling 1 file (.ex)
 DEBUG [67993b88] 	Generated image64 app
 DEBUG [67993b88] 	==> combine
Compiling 6 files (.ex)
 DEBUG [67993b88] 	Generated combine app
 DEBUG [67993b88] 	==> elixir_make
 DEBUG [67993b88] 	Compiling 1 file (.ex)
 DEBUG [67993b88] 	Generated elixir_make app
 DEBUG [67993b88] 	==> bcrypt_elixir
 DEBUG [67993b88] 	mkdir -p priv
 DEBUG [67993b88] 	cc -g -O3 -Wall -Wno-format-truncation -I/usr/lib/erlang/erts-10.7.2.3/include -Ic_src -fPIC -shared  c_src/bcrypt_nif.c c_src/blowfish.c -o priv/bcrypt_nif.so
 DEBUG [67993b88] 	Compiling 3 files (.ex)
 DEBUG [67993b88] 	Generated bcrypt_elixir app
 DEBUG [67993b88] 	==> argon2_elixir
 DEBUG [67993b88] 	mkdir -p priv
 DEBUG [67993b88] 	cc -pthread -O3 -Wall -g -Iargon2/include -Iargon2/src -Ic_src -I/usr/lib/erlang/erts-10.7.2.3/include -shared -fPIC -fvisibility=hidden -Wl,-soname,libargon2.so.0 argon2/src/argon2.c argon2/src/core.c argon2/src/blake2/blake2b.c argon2/src/thread.c argon2/src/encoding.c argon2/src/ref.c c_src/argon2_nif.c -o priv/argon2_nif.so
 DEBUG [67993b88] 	Compiling 3 files (.ex)
 DEBUG [67993b88] 	Generated argon2_elixir app
 DEBUG [67993b88] 	==> comeonin
Compiling 2 files (.ex)
 DEBUG [67993b88] 	Generated comeonin app
 DEBUG [67993b88] 	==> mogrify
Compiling 9 files (.ex)
 DEBUG [67993b88] 	Generated mogrify app
 DEBUG [67993b88] 	===> Compiling certifi
 DEBUG [67993b88] 	===> Rebar3 detected a lock file from a newer version. It will be loaded in compatibility mode, but important information may be missing or lost. It is recommended to upgrade Rebar3.
 DEBUG [67993b88] 	===> Compiling hackney
 DEBUG [67993b88] 	==> tzdata
Compiling 17 files (.ex)
 DEBUG [67993b88] 	Generated tzdata app
 DEBUG [67993b88] 	==> timex
Compiling 58 files (.ex)
 DEBUG [67993b88] 	Generated timex app
 DEBUG [67993b88] 	==> db_connection
Compiling 14 files (.ex)
 DEBUG [67993b88] 	Generated db_connection app
 DEBUG [67993b88] 	==> httpoison
Compiling 3 files (.ex)
 DEBUG [67993b88] 	Generated httpoison app
 DEBUG [67993b88] 	==> ecto
Compiling 56 files (.ex)
 DEBUG [67993b88] 	warning: Decimal.cmp/2 is deprecated. Use compare/2 instead
  lib/ecto/changeset.ex:2160: Ecto.Changeset.validate_number/6

 DEBUG [67993b88] 	Generated ecto app
 DEBUG [67993b88] 	==> crontab
Compiling 7 files (.ex)
 DEBUG [67993b88] 	Generated crontab app
 DEBUG [67993b88] 	==> quantum
Compiling 39 files (.ex)
 DEBUG [67993b88] 	Generated quantum app
 DEBUG [67993b88] 	==> kadabra
Compiling 32 files (.ex)
 DEBUG [67993b88] 	Generated kadabra app
 DEBUG [67993b88] 	==> phoenix_pubsub
Compiling 11 files (.ex)
 DEBUG [67993b88] 	Generated phoenix_pubsub app
 DEBUG [67993b88] 	==> oauth2
Compiling 13 files (.ex)
 DEBUG [67993b88] 	Generated oauth2 app
 DEBUG [67993b88] 	==> ua_parser
Compiling 13 files (.ex)
 DEBUG [67993b88] 	Generated ua_parser app
 DEBUG [67993b88] 	==> pdf_generator
Compiling 3 files (.ex)
 DEBUG [67993b88] 	Generated pdf_generator app
 DEBUG [67993b88] 	==> slugger
Compiling 2 files (.ex)
 DEBUG [67993b88] 	Generated slugger app
 DEBUG [67993b88] 	===> Compiling mochiweb
 DEBUG [67993b88] 	==> html_sanitize_ex
Compiling 11 files (.ex)
 DEBUG [67993b88] 	Generated html_sanitize_ex app
 DEBUG [67993b88] 	===> Compiling cowlib
 DEBUG [67993b88] 	===> Compiling cowboy
 DEBUG [67993b88] 	===> Compiling cowboy_telemetry
 DEBUG [67993b88] 	==> ecto_autoslug_field
Compiling 4 files (.ex)
 DEBUG [67993b88] 	Generated ecto_autoslug_field app
 DEBUG [67993b88] 	==> aes_crypt
Compiling 1 file (.ex)
 DEBUG [67993b88] 	Generated aes_crypt app
 DEBUG [67993b88] 	==> uuid
Compiling 1 file (.ex)
 DEBUG [67993b88] 	Generated uuid app
 DEBUG [67993b88] 	==> mime
Compiling 2 files (.ex)
 DEBUG [67993b88] 	Generated mime app
 DEBUG [67993b88] 	==> postgrex
Compiling 61 files (.ex)
 DEBUG [67993b88] 	Generated postgrex app
 DEBUG [67993b88] 	==> ecto_sql
Compiling 26 files (.ex)
 DEBUG [67993b88] 	Generated ecto_sql app
 DEBUG [67993b88] 	==> ecto_soft_delete
Compiling 4 files (.ex)
 DEBUG [67993b88] 	Generated ecto_soft_delete app
 DEBUG [67993b88] 	==> paginator
Compiling 6 files (.ex)
 DEBUG [67993b88] 	Generated paginator app
 DEBUG [67993b88] 	==> arbor
Compiling 2 files (.ex)
 DEBUG [67993b88] 	Generated arbor app
 DEBUG [67993b88] 	==> artificery
Compiling 10 files (.ex)
 DEBUG [67993b88] 	Generated artificery app
 DEBUG [67993b88] 	==> distillery
Compiling 33 files (.ex)
 DEBUG [67993b88] 	Generated distillery app
 DEBUG [67993b88] 	==> excal
 DEBUG [67993b88] 	mkdir -p priv/recurrence
 DEBUG [67993b88] 	cc -O3 -Wall -I/usr/lib/erlang/erts-10.7.2.3/include -fPIC -shared -o priv/recurrence/iterator.so src/recurrence/iterator.c -lical 
 DEBUG [67993b88] 	Compiling 4 files (.ex)
 DEBUG [67993b88] 	Generated excal app
 DEBUG [67993b88] 	==> secure_random
Compiling 1 file (.ex)
 DEBUG [67993b88] 	Generated secure_random app
 DEBUG [67993b88] 	==> librex
Compiling 1 file (.ex)
 DEBUG [67993b88] 	Generated librex app
 DEBUG [67993b88] 	==> joken
Compiling 8 files (.ex)
 DEBUG [67993b88] 	Generated joken app
 DEBUG [67993b88] 	==> pigeon
Compiling 28 files (.ex)
 DEBUG [67993b88] 	Generated pigeon app
 DEBUG [67993b88] 	==> ex_twilio
Compiling 74 files (.ex)
 DEBUG [67993b88] 	Generated ex_twilio app
 DEBUG [67993b88] 	==> scrivener_ecto
Compiling 2 files (.ex)
 DEBUG [67993b88] 	Generated scrivener_ecto app
 DEBUG [67993b88] 	==> plug_crypto
Compiling 5 files (.ex)
 DEBUG [67993b88] 	Generated plug_crypto app
 DEBUG [67993b88] 	==> plug
Compiling 1 file (.erl)
 DEBUG [67993b88] 	Compiling 40 files (.ex)
 DEBUG [67993b88] 	warning: System.stacktrace/0 outside of rescue/catch clauses is deprecated. If you want to support only Elixir v1.7+, you must access __STACKTRACE__ inside a rescue/catch. If you want to support earlier Elixir versions, move System.stacktrace/0 inside a rescue/catch
  lib/plug/conn/wrapper_error.ex:23

 DEBUG [67993b88] 	Generated plug app
 DEBUG [67993b88] 	==> plug_cowboy
Compiling 5 files (.ex)
 DEBUG [67993b88] 	Generated plug_cowboy app
 DEBUG [67993b88] 	==> corsica
Compiling 2 files (.ex)
 DEBUG [67993b88] 	Generated corsica app
 DEBUG [67993b88] 	==> phoenix_html
Compiling 8 files (.ex)
 DEBUG [67993b88] 	Generated phoenix_html app
 DEBUG [67993b88] 	==> phoenix
Compiling 66 files (.ex)
 DEBUG [67993b88] 	Generated phoenix app
 DEBUG [67993b88] 	==> phoenix_live_view
Compiling 22 files (.ex)
 DEBUG [67993b88] 	Generated phoenix_live_view app
 DEBUG [67993b88] 	==> browser
Compiling 2 files (.ex)
 DEBUG [67993b88] 	Generated browser app
 DEBUG [67993b88] 	==> tus
Compiling 10 files (.ex)
 DEBUG [67993b88] 	Generated tus app
 DEBUG [67993b88] 	==> tus_cache_redis
Compiling 1 file (.ex)
 DEBUG [67993b88] 	Generated tus_cache_redis app
 DEBUG [67993b88] 	==> redbird
Compiling 4 files (.ex)
 DEBUG [67993b88] 	Generated redbird app
 DEBUG [67993b88] 	==> ueberauth
Compiling 9 files (.ex)
 DEBUG [67993b88] 	Generated ueberauth app
 DEBUG [67993b88] 	==> ueberauth_microsoft
Compiling 3 files (.ex)
 DEBUG [67993b88] 	Generated ueberauth_microsoft app
 DEBUG [67993b88] 	==> bamboo
Compiling 28 files (.ex)
 DEBUG [67993b88] 	Generated bamboo app
 DEBUG [67993b88] 	==> bamboo_smtp
Compiling 1 file (.ex)
 DEBUG [67993b88] 	Generated bamboo_smtp app
 DEBUG [67993b88] 	==> guardian
Compiling 20 files (.ex)
 DEBUG [67993b88] 	Generated guardian app
 DEBUG [67993b88] 	==> guardian_trackable
Compiling 3 files (.ex)
 DEBUG [67993b88] 	Generated guardian_trackable app
 DEBUG [67993b88] 	==> phoenix_ecto
Compiling 7 files (.ex)
 DEBUG [67993b88] 	Generated phoenix_ecto app
  INFO [67993b88] Finished in 120.184 seconds with exit status 0 (successful).
  INFO [98219cff] Running source /home/deployer/apps/myhive/shared/.env && cd /home/deployer/apps/myhive/releases/20211204074149 && MIX_ENV=prod mix systemd.generate as deployer@my-hive.co.uk
 DEBUG [98219cff] Command: source /home/deployer/apps/myhive/shared/.env && cd /home/deployer/apps/myhive/releases/20211204074149 && MIX_ENV=prod mix systemd.generate
 DEBUG [98219cff] 	* creating _build/prod/systemd/lib/systemd/system/my-hive.service
  INFO [98219cff] Finished in 0.784 seconds with exit status 0 (successful).
 DEBUG [e15ff606] Running if test ! -d /home/deployer/apps/myhive/releases/20211204074149; then echo "Directory does not exist '/home/deployer/apps/myhive/releases/20211204074149'" 1>&2; false; fi as deployer@my-hive.co.uk
 DEBUG [e15ff606] Command: if test ! -d /home/deployer/apps/myhive/releases/20211204074149; then echo "Directory does not exist '/home/deployer/apps/myhive/releases/20211204074149'" 1>&2; false; fi
 DEBUG [e15ff606] Finished in 0.125 seconds with exit status 0 (successful).
  INFO [8c88f1c2] Running source /home/deployer/apps/myhive/shared/.env && cd /home/deployer/apps/myhive/releases/20211204074149 && MIX_ENV=prod mix deploy.init as deployer@my-hive.co.uk
 DEBUG [8c88f1c2] Command: source /home/deployer/apps/myhive/shared/.env && cd /home/deployer/apps/myhive/releases/20211204074149 && MIX_ENV=prod mix deploy.init
  INFO [8c88f1c2] Finished in 0.791 seconds with exit status 0 (successful).
  INFO [df8ba856] Running source /home/deployer/apps/myhive/shared/.env && cd /home/deployer/apps/myhive/releases/20211204074149 && MIX_ENV=prod mix deploy.generate as deployer@my-hive.co.uk
 DEBUG [df8ba856] Command: source /home/deployer/apps/myhive/shared/.env && cd /home/deployer/apps/myhive/releases/20211204074149 && MIX_ENV=prod mix deploy.generate
 DEBUG [df8ba856] 	* creating bin/deploy-start
 DEBUG [df8ba856] 	* creating bin/deploy-stop
 DEBUG [df8ba856] 	* creating bin/deploy-restart
 DEBUG [df8ba856] 	* creating bin/deploy-enable
 DEBUG [df8ba856] 	* creating bin/deploy-create-users
 DEBUG [df8ba856] 	* creating bin/deploy-create-dirs
 DEBUG [df8ba856] 	* creating bin/deploy-set-perms
 DEBUG [df8ba856] 	* creating bin/deploy-init-local
 DEBUG [df8ba856] 	* creating bin/deploy-copy-files
 DEBUG [df8ba856] 	* creating bin/deploy-release
 DEBUG [df8ba856] 	* creating bin/deploy-rollback
 DEBUG [df8ba856] 	* creating bin/deploy-migrate
  INFO [df8ba856] Finished in 0.759 seconds with exit status 0 (successful).
 DEBUG [e418979b] Running if test ! -d /home/deployer/apps/myhive/releases/20211204074149; then echo "Directory does not exist '/home/deployer/apps/myhive/releases/20211204074149'" 1>&2; false; fi as deployer@my-hive.co.uk
 DEBUG [e418979b] Command: if test ! -d /home/deployer/apps/myhive/releases/20211204074149; then echo "Directory does not exist '/home/deployer/apps/myhive/releases/20211204074149'" 1>&2; false; fi
 DEBUG [e418979b] Finished in 0.110 seconds with exit status 0 (successful).
 DEBUG Uploading ./config/build 0.0%
  INFO Uploading ./config/build 100.0%
  INFO [7c5e06c5] Running source /home/deployer/apps/myhive/shared/.env && chmod 775 '/home/deployer/apps/myhive/releases/20211204074149/bin/build' as deployer@my-hive.co.uk
 DEBUG [7c5e06c5] Command: source /home/deployer/apps/myhive/shared/.env && chmod 775 '/home/deployer/apps/myhive/releases/20211204074149/bin/build'
  INFO [7c5e06c5] Finished in 0.112 seconds with exit status 0 (successful).
 DEBUG [71d10e88] Running if test ! -d /home/deployer/apps/myhive/releases/20211204074149; then echo "Directory does not exist '/home/deployer/apps/myhive/releases/20211204074149'" 1>&2; false; fi as deployer@my-hive.co.uk
 DEBUG [71d10e88] Command: if test ! -d /home/deployer/apps/myhive/releases/20211204074149; then echo "Directory does not exist '/home/deployer/apps/myhive/releases/20211204074149'" 1>&2; false; fi
 DEBUG [71d10e88] Finished in 0.120 seconds with exit status 0 (successful).
  INFO [f9f38a54] Running source /home/deployer/apps/myhive/shared/.env && '/home/deployer/apps/myhive/releases/20211204074149/bin/build' as deployer@my-hive.co.uk
 DEBUG [f9f38a54] Command: source /home/deployer/apps/myhive/shared/.env && '/home/deployer/apps/myhive/releases/20211204074149/bin/build'
 DEBUG [f9f38a54] 	==> Running build task
===> Installing Hex and Rebar
 DEBUG [f9f38a54] 	* creating /home/deployer/.mix/archives/hex-0.21.3
 DEBUG [f9f38a54] 	* creating /home/deployer/.mix/rebar
 DEBUG [f9f38a54] 	* creating /home/deployer/.mix/rebar3
 DEBUG [f9f38a54] 	===> Updating Elixir libs
 DEBUG [f9f38a54] 	Resolving Hex dependencies...
 DEBUG [f9f38a54] 	Dependency resolution completed:
 DEBUG [f9f38a54] 	Unchanged:
  aes_crypt 0.1.0
  arbor 1.1.0
  argon2_elixir 1.3.3
  artificery 0.4.3
 DEBUG [f9f38a54] 	  bamboo 1.7.1
 DEBUG [f9f38a54] 	  bamboo_smtp 2.1.0
  bcrypt_elixir 1.1.1
 DEBUG [f9f38a54] 	  briefly 0.3.0
 DEBUG [f9f38a54] 	  browser 0.4.4
 DEBUG [f9f38a54] 	  certifi 2.5.3
 DEBUG [f9f38a54] 	  combine 0.10.0
 DEBUG [f9f38a54] 	  comeonin 4.1.2
 DEBUG [f9f38a54] 	  connection 1.1.0
 DEBUG [f9f38a54] 	  corsica 1.1.3
 DEBUG [f9f38a54] 	  cowboy 2.8.0
 DEBUG [f9f38a54] 	  cowboy_telemetry 0.3.1
 DEBUG [f9f38a54] 	  cowlib 2.9.1
 DEBUG [f9f38a54] 	  crontab 1.1.10
 DEBUG [f9f38a54] 	  db_connection 2.3.1
 DEBUG [f9f38a54] 	  decimal 2.0.0
 DEBUG [f9f38a54] 	  distillery 2.1.1
 DEBUG [f9f38a54] 	  ecto 3.5.8
 DEBUG [f9f38a54] 	  ecto_autoslug_field 2.0.1
 DEBUG [f9f38a54] 	  ecto_soft_delete 1.1.0
 DEBUG [f9f38a54] 	  ecto_sql 3.5.4
 DEBUG [f9f38a54] 	  elixir_make 0.6.2
 DEBUG [f9f38a54] 	  elixlsx 0.4.2
 DEBUG [f9f38a54] 	  eredis 1.2.0
 DEBUG [f9f38a54] 	  ex_twilio 0.8.2
 DEBUG [f9f38a54] 	  excal 0.3.2
 DEBUG [f9f38a54] 	  exredis 0.3.0
 DEBUG [f9f38a54] 	  floki 0.28.0
 DEBUG [f9f38a54] 	  gen_smtp 0.15.0
 DEBUG [f9f38a54] 	  gen_stage 1.1.0
 DEBUG [f9f38a54] 	  gettext 0.18.2
 DEBUG [f9f38a54] 	  guardian 1.2.1
 DEBUG [f9f38a54] 	  guardian_trackable 0.2.2
 DEBUG [f9f38a54] 	  hackney 1.17.0
 DEBUG [f9f38a54] 	  hpack_erl 0.2.3
 DEBUG [f9f38a54] 	  html_entities 0.5.2
 DEBUG [f9f38a54] 	  html_sanitize_ex 1.3.0
 DEBUG [f9f38a54] 	  httpoison 1.8.0
 DEBUG [f9f38a54] 	  idna 6.1.1
 DEBUG [f9f38a54] 	  image64 0.0.2
 DEBUG [f9f38a54] 	  inflex 2.1.0
 DEBUG [f9f38a54] 	  jason 1.2.2
 DEBUG [f9f38a54] 	  joken 2.3.0
 DEBUG [f9f38a54] 	  jose 1.11.1
 DEBUG [f9f38a54] 	  kadabra 0.4.5
 DEBUG [f9f38a54] 	  librex 1.0.4
 DEBUG [f9f38a54] 	  metrics 1.0.1
 DEBUG [f9f38a54] 	  mime 1.5.0
 DEBUG [f9f38a54] 	  mimerl 1.2.0
 DEBUG [f9f38a54] 	  mix_deploy 0.7.7
 DEBUG [f9f38a54] 	  mix_systemd 0.7.5
 DEBUG [f9f38a54] 	  mochiweb 2.20.1
 DEBUG [f9f38a54] 	  mogrify 0.7.4
 DEBUG [f9f38a54] 	  oauth2 2.0.0
 DEBUG [f9f38a54] 	[33m  paginator 0.6.0 RETIRED![0m
 DEBUG [f9f38a54] 	[33m    (security) Remote Code Execution Vulnerability[0m
 DEBUG [f9f38a54] 	  parse_trans 3.3.1
 DEBUG [f9f38a54] 	  pdf_generator 0.6.2
 DEBUG [f9f38a54] 	  phoenix 1.5.7
 DEBUG [f9f38a54] 	  phoenix_ecto 4.2.1
 DEBUG [f9f38a54] 	  phoenix_html 2.14.3
 DEBUG [f9f38a54] 	  phoenix_pubsub 2.0.0
 DEBUG [f9f38a54] 	  pigeon 1.5.1
 DEBUG [f9f38a54] 	  plug 1.10.4
 DEBUG [f9f38a54] 	  plug_cowboy 2.4.1
 DEBUG [f9f38a54] 	  plug_crypto 1.2.1
 DEBUG [f9f38a54] 	  poison 4.0.1
 DEBUG [f9f38a54] 	  postgrex 0.15.8
 DEBUG [f9f38a54] 	  pot 0.9.8
 DEBUG [f9f38a54] 	  quantum 3.3.0
 DEBUG [f9f38a54] 	  rambo 0.3.3
 DEBUG [f9f38a54] 	  ranch 1.7.1
 DEBUG [f9f38a54] 	  redbird 0.4.0
 DEBUG [f9f38a54] 	  redix 0.7.1
 DEBUG [f9f38a54] 	  scrivener 2.7.0
 DEBUG [f9f38a54] 	  scrivener_ecto 2.7.0
 DEBUG [f9f38a54] 	  secure_random 0.5.1
 DEBUG [f9f38a54] 	  size 0.1.1
 DEBUG [f9f38a54] 	  sizeable 1.0.2
 DEBUG [f9f38a54] 	  slugger 0.3.0
 DEBUG [f9f38a54] 	  ssl_verify_fun 1.1.6
 DEBUG [f9f38a54] 	  task_after 1.0.0
 DEBUG [f9f38a54] 	  telemetry 0.4.2
 DEBUG [f9f38a54] 	  timex 3.6.3
 DEBUG [f9f38a54] 	  tus 0.1.3
 DEBUG [f9f38a54] 	  tus_cache_redis 0.1.0
 DEBUG [f9f38a54] 	  tzdata 1.0.5
 DEBUG [f9f38a54] 	  ua_parser 1.8.0
 DEBUG [f9f38a54] 	  ueberauth 0.6.3
 DEBUG [f9f38a54] 	  ueberauth_microsoft 0.8.0
 DEBUG [f9f38a54] 	  unicode_util_compat 0.7.0
 DEBUG [f9f38a54] 	  uuid 1.1.8
 DEBUG [f9f38a54] 	  yamerl 0.8.1
 DEBUG [f9f38a54] 	All dependencies are up to date
 DEBUG [f9f38a54] 	===> Compiling
 DEBUG [f9f38a54] 	Compiling 445 files (.ex)
 DEBUG [f9f38a54] 	warning: the result of the expression is ignored (suppress the warning by assigning the expression to the _ variable)
  lib/my_hive/reports/services/report_asset_common.ex:24

 DEBUG [f9f38a54] 	warning: variable "index" is unused (if the variable is not meant to be used, prefix it with an underscore)
  lib/my_hive_web/helpers/report_helper.ex:32: MyHiveWeb.Helpers.ReportHelper.time_format/3

 DEBUG [f9f38a54] 	warning: unused alias CasePerson
  lib/my_hive/case_management/services/medico_legal_case_updater.ex:13

 DEBUG [f9f38a54] 	warning: key :id will be overridden in map
  lib/my_hive_web/views/api/v1/organizer/calendar_event_view.ex:21

 DEBUG [f9f38a54] 	lib/my_hive_web/channels/notifications_channel.ex:20: [warning] An intercept for event "new_notification" has not yet been defined in Elixir.MyHiveWeb.NotificationsChannel.handle_out/3. Add "new_notification" to your list of intercepted events with intercept/1
 DEBUG [f9f38a54] 	warning: variable "query" is unused (if the variable is not meant to be used, prefix it with an underscore)
  lib/my_hive_web/datatables/medico_legal_cases_fetcher.ex:81: MyHive.Datatables.MedicoLegalCasesFetcher.where_query/3

 DEBUG [f9f38a54] 	warning: variable "section_id" is unused (if the variable is not meant to be used, prefix it with an underscore)
  lib/my_hive/reports/services/reports_sections_creator.ex:11: MyHive.Reports.ReportSectionsCreator.call/3

 DEBUG [f9f38a54] 	lib/my_hive_web/channels/private_room_channel.ex:70: [warning] An intercept for event "list:update" has not yet been defined in Elixir.MyHiveWeb.PrivateRoomChannel.handle_out/3. Add "list:update" to your list of intercepted events with intercept/1
 DEBUG [f9f38a54] 	warning: variable "index" is unused (if the variable is not meant to be used, prefix it with an underscore)
  lib/my_hive_web/templates/glossary_of_term/_items.html.eex:2: MyHiveWeb.GlossaryOfTermView."_items.html"/1

 DEBUG [f9f38a54] 	warning: this clause cannot match because a previous clause at line 71 always matches
  lib/my_hive_web/controllers/accounts/session_controller.ex:82

 DEBUG [f9f38a54] 	lib/my_hive_web/channels/room_channel.ex:62: [warning] An intercept for event "presence_diff" has not yet been defined in Elixir.MyHiveWeb.RoomChannel.handle_out/3. Add "presence_diff" to your list of intercepted events with intercept/1
 DEBUG [f9f38a54] 	warning: this clause cannot match because a previous clause at line 2 always matches
  lib/my_hive_web/router.ex:193

 DEBUG [f9f38a54] 	warning: invalid association `user_report` in schema MyHive.Reports.ReportSectionContent: associated schema UserMedicoLegalCaseReport does not exist
  lib/my_hive/reports/report_section_content.ex:1: MyHive.Reports.ReportSectionContent (module)

 DEBUG [f9f38a54] 	Generated my_hive app
 DEBUG [f9f38a54] 	===> Installing node modules
 DEBUG [f9f38a54] 	
> phantomjs-prebuilt@2.1.16 install /home/deployer/apps/myhive/releases/20211204074149/assets/node_modules/fullcalendar/node_modules/phantomjs-prebuilt
> node install.js

 DEBUG [f9f38a54] 	PhantomJS not found on PATH
 DEBUG [f9f38a54] 	Download already available at /tmp/phantomjs/phantomjs-2.1.1-linux-x86_64.tar.bz2
 DEBUG [f9f38a54] 	Verified checksum of previously downloaded file
 DEBUG [f9f38a54] 	Extracting tar contents (via spawned process)
 DEBUG [f9f38a54] 	Removing /home/deployer/apps/myhive/releases/20211204074149/assets/node_modules/fullcalendar/node_modules/phantomjs-prebuilt/lib/phantom
 DEBUG [f9f38a54] 	Copying extracted folder /tmp/phantomjs/phantomjs-2.1.1-linux-x86_64.tar.bz2-extract-1638603883639/phantomjs-2.1.1-linux-x86_64 -> /home/deployer/apps/myhive/releases/20211204074149/assets/node_modules/fullcalendar/node_modules/phantomjs-prebuilt/lib/phantom
 DEBUG [f9f38a54] 	Writing location.js file
 DEBUG [f9f38a54] 	Done. Phantomjs binary available at /home/deployer/apps/myhive/releases/20211204074149/assets/node_modules/fullcalendar/node_modules/phantomjs-prebuilt/lib/phantom/bin/phantomjs
 DEBUG [f9f38a54] 	
> puppeteer@1.20.0 install /home/deployer/apps/myhive/releases/20211204074149/assets/node_modules/puppeteer
> node install.js

 DEBUG [f9f38a54] 	
 DEBUG [f9f38a54] 	Chromium downloaded to /home/deployer/apps/myhive/releases/20211204074149/assets/node_modules/puppeteer/.local-chromium/linux-686378
 DEBUG [f9f38a54] 	
> node-sass@4.14.1 install /home/deployer/apps/myhive/releases/20211204074149/assets/node_modules/fullcalendar/node_modules/node-sass
> node scripts/install.js

 DEBUG [f9f38a54] 	Cached binary found at /home/deployer/.npm/node-sass/4.14.1/linux-x64-64_binding.node
 DEBUG [f9f38a54] 	
> core-js@2.6.12 postinstall /home/deployer/apps/myhive/releases/20211204074149/assets/node_modules/@babel/polyfill/node_modules/core-js
> node -e "try{require('./postinstall')}catch(e){}"

 DEBUG [f9f38a54] 	[96mThank you for using core-js ([94m https://github.com/zloirock/core-js [96m) for polyfilling JavaScript standard library![0m

[96mThe project needs your help! Please consider supporting of core-js on Open Collective or Patreon: [0m
[96m>[94m https://opencollective.com/core-js [0m
[96m>[94m https://www.patreon.com/zloirock [0m

[96mAlso, the author of core-js ([94m https://github.com/zloirock [96m) is looking for a good job -)[0m

 DEBUG [f9f38a54] 	
> core-js@3.8.1 postinstall /home/deployer/apps/myhive/releases/20211204074149/assets/node_modules/@simonwep/pickr/node_modules/core-js
> node -e "try{require('./postinstall')}catch(e){}"

 DEBUG [f9f38a54] 	
> core-js@2.6.11 postinstall /home/deployer/apps/myhive/releases/20211204074149/assets/node_modules/fullcalendar/node_modules/core-js
> node -e "try{require('./postinstall')}catch(e){}"

 DEBUG [f9f38a54] 	
> uglifyjs-webpack-plugin@0.4.6 postinstall /home/deployer/apps/myhive/releases/20211204074149/assets/node_modules/fullcalendar/node_modules/uglifyjs-webpack-plugin
> node lib/post_install.js

 DEBUG [f9f38a54] 	
> core-js@3.8.1 postinstall /home/deployer/apps/myhive/releases/20211204074149/assets/node_modules/plyr/node_modules/core-js
> node -e "try{require('./postinstall')}catch(e){}"

 DEBUG [f9f38a54] 	
> preact@8.2.9 postinstall /home/deployer/apps/myhive/releases/20211204074149/assets/node_modules/preact
> node -e "console.log('\u001b[35m\u001b[1mLove Preact? You can now donate to our open collective:\u001b[22m\u001b[39m\n > \u001b[34mhttps://opencollective.com/preact/donate\u001b[0m')"

 DEBUG [f9f38a54] 	[35m[1mLove Preact? You can now donate to our open collective:[22m[39m
 > [34mhttps://opencollective.com/preact/donate[0m
 DEBUG [f9f38a54] 	
> swiper@4.5.1 postinstall /home/deployer/apps/myhive/releases/20211204074149/assets/node_modules/swiper
> node -e "console.log('\u001b[35m\u001b[1mLove Swiper? Support Vladimir\'s work by donating or pledging on patreon:\u001b[22m\u001b[39m\n > \u001b[32mhttps://patreon.com/vladimirkharlampidi\u001b[0m\n')"

 DEBUG [f9f38a54] 	[35m[1mLove Swiper? Support Vladimir's work by donating or pledging on patreon:[22m[39m
 > [32mhttps://patreon.com/vladimirkharlampidi[0m

 DEBUG [f9f38a54] 	
> core-js@3.8.1 postinstall /home/deployer/apps/myhive/releases/20211204074149/assets/node_modules/vue-audio-visual/node_modules/core-js
> node -e "try{require('./postinstall')}catch(e){}"

 DEBUG [f9f38a54] 	
> core-js@3.8.1 postinstall /home/deployer/apps/myhive/releases/20211204074149/assets/node_modules/vue-plyr/node_modules/core-js
> node -e "try{require('./postinstall')}catch(e){}"

 DEBUG [f9f38a54] 	
> bootstrap-vue@2.21.2 postinstall /home/deployer/apps/myhive/releases/20211204074149/assets/node_modules/bootstrap-vue
> opencollective || exit 0

 DEBUG [f9f38a54] 	                                                             
 DEBUG [f9f38a54] 	                          ;iiiiiiiiiiSSSSSSSSiiiiiiiiii;     
 DEBUG [f9f38a54] 	                          .rXXXXXXXXXrrrrrrrSXXXXXXXXXr.     
 DEBUG [f9f38a54] 	                          :iXXXXXXXX2. ;;;;, r3XXXXXXXi;     
 DEBUG [f9f38a54] 	                         ,rSSSSSXXXX2..sSSi: r3XXXSSSSSr,    
 DEBUG [f9f38a54] 	                          ,siiiiS2XX2. :;;:,.rXX2Siiiis,     
 DEBUG [f9f38a54] 	                           ,riiiii2X2..5XXXi .22iiiiir,      
 DEBUG [f9f38a54] 	                            .riiiii22..::::,,r2iiiiir.       
 DEBUG [f9f38a54] 	                             .riiiii5SSiiiiS22iiiiir.        
 DEBUG [f9f38a54] 	                               ;iiiii5X3333X5iiiii;          
 DEBUG [f9f38a54] 	                                :iiiiiSXXXXSiiiii:           
 DEBUG [f9f38a54] 	                                 :siiiiSXXSiiiis:            
 DEBUG [f9f38a54] 	                                  ,siiiiiiiiiis,             
 DEBUG [f9f38a54] 	                                   .riiiiiiiir.              
 DEBUG [f9f38a54] 	                                    .riiiiiir.               
 DEBUG [f9f38a54] 	                                     .;iiii;.                
 DEBUG [f9f38a54] 	                                       ;ii;                  
 DEBUG [f9f38a54] 	                                        ::                   
 DEBUG [f9f38a54] 	                                         
 DEBUG [f9f38a54] 	                       Thanks for installing bootstrap-vue 
 DEBUG [f9f38a54] 	                 Please consider donating to our open collective
 DEBUG [f9f38a54] 	                        to help us maintain this package.
 DEBUG [f9f38a54] 	                                         
 DEBUG [f9f38a54] 	                            Number of contributors: 0
 DEBUG [f9f38a54] 	                              Number of backers: 298
 DEBUG [f9f38a54] 	                              Annual budget: $14,845
 DEBUG [f9f38a54] 	                             Current balance: $20,105
                                         
 DEBUG [f9f38a54] 	              Donate: https://opencollective.com/bootstrap-vue/donate
 DEBUG [f9f38a54] 	                                         
 DEBUG [f9f38a54] 	
> core-js@2.6.12 postinstall /home/deployer/apps/myhive/releases/20211204074149/assets/node_modules/core-js
> node -e "try{require('./postinstall')}catch(e){}"

 DEBUG [f9f38a54] 	
> node-sass@4.14.1 postinstall /home/deployer/apps/myhive/releases/20211204074149/assets/node_modules/fullcalendar/node_modules/node-sass
> node scripts/build.js

 DEBUG [f9f38a54] 	Binary found at /home/deployer/apps/myhive/releases/20211204074149/assets/node_modules/fullcalendar/node_modules/node-sass/vendor/linux-x64-64/binding.node
 DEBUG [f9f38a54] 	Testing binary
 DEBUG [f9f38a54] 	Binary is fine
 DEBUG [f9f38a54] 	npm WARN
 DEBUG [f9f38a54] 	 assets No description
 DEBUG [f9f38a54] 	npm WARN optional SKIPPING OPTIONAL DEPENDENCY: fsevents@1.2.13 (node_modules/watchpack-chokidar2/node_modules/fsevents):
 DEBUG [f9f38a54] 	npm WARN 
 DEBUG [f9f38a54] 	notsup SKIPPING OPTIONAL DEPENDENCY: Unsupported platform for fsevents@1.2.13: wanted {"os":"darwin","arch":"any"} (current: {"os":"linux","arch":"x64"})
 DEBUG [f9f38a54] 	npm WARN optional SKIPPING OPTIONAL DEPENDENCY: fsevents@2.1.3 (node_modules/fullcalendar/node_modules/watchpack/node_modules/fsevents):
 DEBUG [f9f38a54] 	npm WARN notsup SKIPPING OPTIONAL DEPENDENCY: Unsupported platform for fsevents@2.1.3: wanted {"os":"darwin","arch":"any"} (current: {"os":"linux","arch":"x64"})
 DEBUG [f9f38a54] 	npm WARN optional SKIPPING OPTIONAL DEPENDENCY: fsevents@1.2.13 (node_modules/fullcalendar/node_modules/fsevents):
npm
 DEBUG [f9f38a54] 	 WARN notsup SKIPPING OPTIONAL DEPENDENCY: Unsupported platform for fsevents@1.2.13: wanted {"os":"darwin","arch":"any"} (current: {"os":"linux","arch":"x64"})
 DEBUG [f9f38a54] 	npm WARN optional SKIPPING OPTIONAL DEPENDENCY: fsevents@2.1.3 (node_modules/fsevents):
npm
 DEBUG [f9f38a54] 	 WARN notsup SKIPPING OPTIONAL DEPENDENCY: Unsupported platform for fsevents@2.1.3: wanted {"os":"darwin","arch":"any"} (current: {"os":"linux","arch":"x64"})
 DEBUG [f9f38a54] 	
 DEBUG [f9f38a54] 	added 2316 packages from 1246 contributors and audited 1138 packages in 38.371s
 DEBUG [f9f38a54] 	
68 packages are looking for funding
  run `npm fund` for details

 DEBUG [f9f38a54] 	found 59 vulnerabilities (30 moderate, 27 high, 2 critical)
  run `npm audit fix` to fix them, or `npm audit` for details
 DEBUG [f9f38a54] 	
> @ deploy /home/deployer/apps/myhive/releases/20211204074149/assets
> webpack --mode production

 DEBUG [f9f38a54] 	Browserslist: caniuse-lite is outdated. Please run:
npx browserslist@latest --update-db

Why you should do it regularly:
https://github.com/browserslist/browserslist#browsers-data-updating
 DEBUG [f9f38a54] 	Hash: 7eb06f1459007e8ed257
Version: webpack 4.44.2
Time: 71699ms
Built at: 12/04/2021 7:46:15 AM
                         Asset       Size  Chunks                    Chunk Names
                ../css/app.css    565 KiB       0  [emitted]  [big]  ./js/app.js
                ../favicon.ico     15 KiB          [emitted]         
          ../fonts/icomoon.eot   93.6 KiB          [emitted]         
          ../fonts/icomoon.ttf   93.4 KiB          [emitted]         
         ../fonts/icomoon.woff   93.5 KiB          [emitted]         
           ../images/apple.png     11 KiB          [emitted]         
       ../images/avatars/1.jpg     13 KiB          [emitted]         
       ../images/avatars/2.jpg   15.2 KiB          [emitted]         
       ../images/avatars/3.jpg   12.8 KiB          [emitted]         
       ../images/avatars/4.jpg     12 KiB          [emitted]         
       ../images/avatars/5.jpg   13.5 KiB          [emitted]         
            ../images/back.jpg   1.25 MiB          [emitted]  [big]  
         ../images/favicon.png      4 KiB          [emitted]         
         ../images/icomoon.svg    298 KiB          [emitted]  [big]  
      ../images/logo-color.png   28.6 KiB          [emitted]         
     ../images/logo-color2.png   10.8 KiB          [emitted]         
       ../images/logo-gray.png   4.41 KiB          [emitted]         
    ../images/logo-inverse.png   12.6 KiB          [emitted]         
         ../images/logo-mh.png   6.35 KiB          [emitted]         
     ../images/logo-mobile.png     52 KiB          [emitted]         
     ../images/logo-narrow.png   18.4 KiB          [emitted]         
    ../images/logo-no-text.png   2.13 KiB          [emitted]         
     ../images/logo-orange.png   5.37 KiB          [emitted]         
            ../images/logo.png   13.3 KiB          [emitted]         
    ../images/mc-logo-text.png   17.8 KiB          [emitted]         
              ../images/mc.png   46.3 KiB          [emitted]         
../images/mediatec-inverse.png   1.51 KiB          [emitted]         
        ../images/mediatec.png   2.09 KiB          [emitted]         
   ../images/my-hive-small.png   19.3 KiB          [emitted]         
    ../images/my-hive-tiny.png     12 KiB          [emitted]         
         ../images/my-hive.png     39 KiB          [emitted]         
         ../images/phoenix.png   13.6 KiB          [emitted]         
       ../images/photos/1.jpeg    811 KiB          [emitted]  [big]  
       ../images/photos/2.jpeg    656 KiB          [emitted]  [big]  
       ../images/photos/3.jpeg    554 KiB          [emitted]  [big]  
       ../images/photos/4.jpeg    516 KiB          [emitted]  [big]  
       ../images/photos/5.jpeg    351 KiB          [emitted]  [big]  
       ../images/photos/6.jpeg    788 KiB          [emitted]  [big]  
     ../images/siteloading.gif   5.28 KiB          [emitted]         
             ../logo-color.png   28.6 KiB          [emitted]         
                 ../robots.txt  202 bytes          [emitted]         
                        app.js   7.85 MiB       0  [emitted]  [big]  ./js/app.js
     images/owl.video.play.png   4.86 KiB          [emitted]         
          images/vline-rtl.gif  842 bytes          [emitted]         
              images/vline.gif  844 bytes          [emitted]         
Entrypoint ./js/app.js [big] = ../css/app.css app.js
  [16] ./js/ui.js 9.34 KiB {0} [built]
  [61] ./js/users.js 6.71 KiB {0} [built]
  [68] ./js/editor.js 5.82 KiB {0} [built]
  [71] ../deps/phoenix/priv/static/phoenix.js 38.9 KiB {0} [built]
 [142] ./js/client/report_signature.js 4.68 KiB {0} [built]
 [312] ./js/notifications.js 6.35 KiB {0} [built]
 [382] ./js/datatables.js 1.29 KiB {0} [built]
 [383] ../deps/phoenix_live_view/priv/static/phoenix_live_view.js 111 KiB {0} [built]
 [386] ./js/settings.js 6.4 KiB {0} [built]
[1051] ./js/functions.js 3.69 KiB {0} [built]
[1052] ./js/medico_legal_cases.js 10.9 KiB {0} [built]
[1053] ./js/password-strength.js 521 bytes {0} [built]
[1055] ./js/profile.js 3.31 KiB {0} [built]
[1175] multi ./js/app.js 28 bytes {0} [built]
[1999] ./js/app.js + 15 modules 49.6 KiB {0} [built]
       | ./js/app.js 3.62 KiB [built]
       |     + 15 hidden modules
    + 2019 hidden modules

WARNING in ./js/client/email_inbox/components/Attachments.vue?vue&type=template&id=280629e2& (./node_modules/vue-loader/lib/loaders/templateLoader.js??vue-loader-options!./node_modules/vue-loader/lib??vue-loader-options!./js/client/email_inbox/components/Attachments.vue?vue&type=template&id=280629e2&)
Module Warning (from ./node_modules/vue-loader/lib/loaders/templateLoader.js):
(Emitted value instead of an instance of Error) <Attachment v-for="attach in attachments">: component lists rendered with v-for should have explicit keys. See https://vuejs.org/guide/list.html#key for more info.
 @ ./js/client/email_inbox/components/Attachments.vue?vue&type=template&id=280629e2& 1:0-221 1:0-221
 @ ./js/client/email_inbox/components/Attachments.vue
 @ ./node_modules/babel-loader/lib!./node_modules/vue-loader/lib??vue-loader-options!./js/client/email_inbox/components/EmailRow.vue?vue&type=script&lang=js&
 @ ./js/client/email_inbox/components/EmailRow.vue?vue&type=script&lang=js&
 @ ./js/client/email_inbox/components/EmailRow.vue
 @ ./node_modules/babel-loader/lib!./node_modules/vue-loader/lib??vue-loader-options!./js/client/email_inbox/components/EmailTable.vue?vue&type=script&setup=true&lang=js&
 @ ./js/client/email_inbox/components/EmailTable.vue?vue&type=script&setup=true&lang=js&
 @ ./js/client/email_inbox/components/EmailTable.vue
 @ ./node_modules/babel-loader/lib!./node_modules/vue-loader/lib??vue-loader-options!./js/client/email_inbox/components/ProviderEmail.vue?vue&type=script&lang=js&
 @ ./js/client/email_inbox/components/ProviderEmail.vue?vue&type=script&lang=js&
 @ ./js/client/email_inbox/components/ProviderEmail.vue
 @ ./node_modules/babel-loader/lib!./node_modules/vue-loader/lib??vue-loader-options!./js/client/email_inbox/Index.vue?vue&type=script&lang=js&
 @ ./js/client/email_inbox/Index.vue?vue&type=script&lang=js&
 @ ./js/client/email_inbox/Index.vue
 @ ./js/client/email_inbox/index.js
 @ ./js/app.js
 @ multi ./js/app.js

WARNING in ./js/client/medical_reports/components/HistoryTab.vue?vue&type=template&id=1a140580& (./node_modules/vue-loader/lib/loaders/templateLoader.js??vue-loader-options!./node_modules/vue-loader/lib??vue-loader-options!./js/client/medical_reports/components/HistoryTab.vue?vue&type=template&id=1a140580&)
Module Warning (from ./node_modules/vue-loader/lib/loaders/templateLoader.js):
(Emitted value instead of an instance of Error) <ReportRow v-for="report in reports">: component lists rendered with v-for should have explicit keys. See https://vuejs.org/guide/list.html#key for more info.
 @ ./js/client/medical_reports/components/HistoryTab.vue?vue&type=template&id=1a140580& 1:0-220 1:0-220
 @ ./js/client/medical_reports/components/HistoryTab.vue
 @ ./node_modules/babel-loader/lib!./node_modules/vue-loader/lib??vue-loader-options!./js/client/medical_reports/components/NewReport.vue?vue&type=script&lang=js&
 @ ./js/client/medical_reports/components/NewReport.vue?vue&type=script&lang=js&
 @ ./js/client/medical_reports/components/NewReport.vue
 @ ./node_modules/babel-loader/lib!./node_modules/vue-loader/lib??vue-loader-options!./js/client/file_manager/components/actions/CaseActions.vue?vue&type=script&lang=js&
 @ ./js/client/file_manager/components/actions/CaseActions.vue?vue&type=script&lang=js&
 @ ./js/client/file_manager/components/actions/CaseActions.vue
 @ ./node_modules/babel-loader/lib!./node_modules/vue-loader/lib??vue-loader-options!./js/client/file_manager/components/Header.vue?vue&type=script&lang=js&
 @ ./js/client/file_manager/components/Header.vue?vue&type=script&lang=js&
 @ ./js/client/file_manager/components/Header.vue
 @ ./node_modules/babel-loader/lib!./node_modules/vue-loader/lib??vue-loader-options!./js/client/file_manager/Index.vue?vue&type=script&lang=js&
 @ ./js/client/file_manager/Index.vue?vue&type=script&lang=js&
 @ ./js/client/file_manager/Index.vue
 @ ./js/client/file_manager/index.js
 @ ./js/app.js
 @ multi ./js/app.js

WARNING in asset size limit: The following asset(s) exceed the recommended size limit (244 KiB).
This can impact web performance.
Assets: 
  ../images/icomoon.svg (298 KiB)
  ../css/app.css (565 KiB)
  app.js (7.85 MiB)
  ../images/photos/5.jpeg (351 KiB)
  ../images/photos/4.jpeg (516 KiB)
  ../images/photos/3.jpeg (554 KiB)
  ../images/photos/2.jpeg (656 KiB)
  ../images/photos/1.jpeg (811 KiB)
  ../images/photos/6.jpeg (788 KiB)
  ../images/back.jpg (1.25 MiB)

WARNING in entrypoint size limit: The following entrypoint(s) combined asset size exceeds the recommended limit (244 KiB). This can impact web performance.
Entrypoints:
  ./js/app.js (8.4 MiB)
      ../css/app.css
      app.js


WARNING in webpack performance recommendations: 
You can limit the size of your bundles by using import() or require.ensure to lazy load some parts of your application.
For more info visit https://webpack.js.org/guides/code-splitting/
Child mini-css-extract-plugin node_modules/css-loader/dist/cjs.js!node_modules/sass-loader/dist/cjs.js!app.scss:
    Entrypoint mini-css-extract-plugin = *
     [2] ./fonts/icomoon.eot?mkks98 66 bytes {0} [built]
     [3] ./node_modules/css-loader/dist/cjs.js!./node_modules/sass-loader/dist/cjs.js!./app.scss 152 KiB {0} [built]
     [5] ./node_modules/css-loader/dist/cjs.js!./css/datatables.min.css 11 KiB {0} [built]
     [7] ./node_modules/css-loader/dist/cjs.js!./css/chat.css 1.91 KiB {0} [built]
    [17] ./node_modules/css-loader/dist/cjs.js!./css/linearicons.css 10.6 KiB {0} [built]
    [18] ./node_modules/css-loader/dist/cjs.js!./css/iconmoon.css 29.2 KiB {0} [built]
    [19] ./fonts/icomoon.ttf?mkks98 66 bytes {0} [built]
    [28] ./node_modules/css-loader/dist/cjs.js!./css/file-manager-search.css 1.4 KiB {0} [built]
    [31] ./node_modules/css-loader/dist/cjs.js!./css/file-manager-guest.css 6.14 KiB {0} [built]
    [32] ./node_modules/css-loader/dist/cjs.js!./css/accordion.css 809 bytes {0} [built]
    [33] ./node_modules/css-loader/dist/cjs.js!./css/epanel.css 2.96 KiB {0} [built]
    [34] ./node_modules/css-loader/dist/cjs.js!./css/file-box.css 3.5 KiB {0} [built]
    [35] ./node_modules/css-loader/dist/cjs.js!./css/pages/email_templates.css 269 bytes {0} [built]
    [36] ./node_modules/css-loader/dist/cjs.js!./css/timeline.css 3.98 KiB {0} [built]
    [37] ./node_modules/css-loader/dist/cjs.js!./css/pages/comments.css 1.13 KiB {0} [built]
        + 23 hidden modules
 DEBUG [f9f38a54] 	Building digest files
 DEBUG [f9f38a54] 	Check your digested files at "priv/static"
 DEBUG [f9f38a54] 	===> Generating systemd files
 DEBUG [f9f38a54] 	* creating _build/prod/systemd/lib/systemd/system/my-hive.service
 DEBUG [f9f38a54] 	===> Generating deploy files
 DEBUG [f9f38a54] 	* creating bin/deploy-start
 DEBUG [f9f38a54] 	* creating bin/deploy-stop
 DEBUG [f9f38a54] 	* creating bin/deploy-restart
 DEBUG [f9f38a54] 	* creating bin/deploy-enable
 DEBUG [f9f38a54] 	* creating bin/deploy-create-users
 DEBUG [f9f38a54] 	* creating bin/deploy-create-dirs
 DEBUG [f9f38a54] 	* creating bin/deploy-set-perms
 DEBUG [f9f38a54] 	* creating bin/deploy-init-local
 DEBUG [f9f38a54] 	* creating bin/deploy-copy-files
 DEBUG [f9f38a54] 	* creating bin/deploy-release
 DEBUG [f9f38a54] 	* creating bin/deploy-rollback
 DEBUG [f9f38a54] 	* creating bin/deploy-migrate
 DEBUG [f9f38a54] 	===> Building release
 DEBUG [f9f38a54] 	* assembling my_hive-0.1.0 on MIX_ENV=prod
 DEBUG [f9f38a54] 	* using config/releases.exs to configure the release at runtime
 DEBUG [f9f38a54] 	* creating _build/prod/rel/my_hive/releases/0.1.0/vm.args
 DEBUG [f9f38a54] 	* creating _build/prod/rel/my_hive/releases/0.1.0/env.sh
 DEBUG [f9f38a54] 	* creating _build/prod/rel/my_hive/releases/0.1.0/env.bat
 DEBUG [f9f38a54] 	* skipping elixir.bat for windows (bin/elixir.bat not found in the Elixir installation)
 DEBUG [f9f38a54] 	* skipping iex.bat for windows (bin/iex.bat not found in the Elixir installation)
 DEBUG [f9f38a54] 	
Release created at _build/prod/rel/my_hive!

    # To start your system
    _build/prod/rel/my_hive/bin/my_hive start

Once the release is running:

    # To connect to it remotely
    _build/prod/rel/my_hive/bin/my_hive remote

    # To stop it gracefully (you may also send SIGINT/SIGTERM)
    _build/prod/rel/my_hive/bin/my_hive stop

To list all commands:

    _build/prod/rel/my_hive/bin/my_hive

  INFO [f9f38a54] Finished in 139.329 seconds with exit status 0 (successful).
  INFO [dafaf95c] Running sudo cp /home/deployer/apps/myhive/releases/20211204074149/_build/prod/systemd/lib/systemd/system/my-hive.service /etc/systemd/system as deployer@my-hive.co.uk
 DEBUG [dafaf95c] Command: sudo cp /home/deployer/apps/myhive/releases/20211204074149/_build/prod/systemd/lib/systemd/system/my-hive.service /etc/systemd/system
  INFO [dafaf95c] Finished in 2.928 seconds with exit status 0 (successful).
  INFO [b6dddf63] Running sudo systemctl daemon-reload as deployer@my-hive.co.uk
 DEBUG [b6dddf63] Command: sudo systemctl daemon-reload
  INFO [b6dddf63] Finished in 0.596 seconds with exit status 0 (successful).
  INFO [1154ad25] Running sudo mkdir -p /home/deployer/apps/myhive/current/_build/prod/rel/my_hive as deployer@my-hive.co.uk
 DEBUG [1154ad25] Command: sudo mkdir -p /home/deployer/apps/myhive/current/_build/prod/rel/my_hive
  INFO [1154ad25] Finished in 0.390 seconds with exit status 0 (successful).
  INFO [a40011ad] Running sudo cp /home/deployer/apps/myhive/releases/20211204074149/Gemfile /home/deployer/apps/myhive/current/_build/prod/rel/my_hive as deployer@my-hive.co.uk
 DEBUG [a40011ad] Command: sudo cp /home/deployer/apps/myhive/releases/20211204074149/Gemfile /home/deployer/apps/myhive/current/_build/prod/rel/my_hive
  INFO [a40011ad] Finished in 0.411 seconds with exit status 0 (successful).
  INFO [6c88667e] Running sudo cp /home/deployer/apps/myhive/releases/20211204074149/Gemfile /home/deployer/apps/myhive/current/_build/prod/rel/my_hive as deployer@my-hive.co.uk
 DEBUG [6c88667e] Command: sudo cp /home/deployer/apps/myhive/releases/20211204074149/Gemfile /home/deployer/apps/myhive/current/_build/prod/rel/my_hive
  INFO [6c88667e] Finished in 0.348 seconds with exit status 0 (successful).
  INFO [dbeddf40] Running sudo cp /home/deployer/apps/myhive/releases/20211204074149/lib/my_hive/blog/services/thumbnailer.rb /home/deployer/apps/myhive/current/_build/prod/rel/my_hive as deployer@my-hive.co.uk
 DEBUG [dbeddf40] Command: sudo cp /home/deployer/apps/myhive/releases/20211204074149/lib/my_hive/blog/services/thumbnailer.rb /home/deployer/apps/myhive/current/_build/prod/rel/my_hive
  INFO [dbeddf40] Finished in 0.292 seconds with exit status 0 (successful).
  INFO [b45fc53b] Running sudo cp /home/deployer/apps/myhive/releases/20211204074149/lib/my_hive/file_manager/document_provider/*.rb /home/deployer/apps/myhive/current/_build/prod/rel/my_hive as deployer@my-hive.co.uk
 DEBUG [b45fc53b] Command: sudo cp /home/deployer/apps/myhive/releases/20211204074149/lib/my_hive/file_manager/document_provider/*.rb /home/deployer/apps/myhive/current/_build/prod/rel/my_hive
  INFO [b45fc53b] Finished in 0.470 seconds with exit status 0 (successful).
  INFO [0ed6bef8] Running sudo cp /home/deployer/apps/myhive/releases/20211204074149/Gemfile /home/deployer/apps/myhive/current/_build/prod/rel/my_hive/bin as deployer@my-hive.co.uk
 DEBUG [0ed6bef8] Command: sudo cp /home/deployer/apps/myhive/releases/20211204074149/Gemfile /home/deployer/apps/myhive/current/_build/prod/rel/my_hive/bin
  INFO [0ed6bef8] Finished in 0.451 seconds with exit status 0 (successful).
  INFO [b2df99fd] Running sudo cp /home/deployer/apps/myhive/releases/20211204074149/lib/my_hive/blog/services/thumbnailer.rb /home/deployer/apps/myhive/current/_build/prod/rel/my_hive/bin as deployer@my-hive.co.uk
 DEBUG [b2df99fd] Command: sudo cp /home/deployer/apps/myhive/releases/20211204074149/lib/my_hive/blog/services/thumbnailer.rb /home/deployer/apps/myhive/current/_build/prod/rel/my_hive/bin
  INFO [b2df99fd] Finished in 0.320 seconds with exit status 0 (successful).
  INFO [1407a8d1] Running sudo cp /home/deployer/apps/myhive/releases/20211204074149/lib/my_hive/file_manager/document_provider/*.rb /home/deployer/apps/myhive/current/_build/prod/rel/my_hive/bin as deployer@my-hive.co.uk
 DEBUG [1407a8d1] Command: sudo cp /home/deployer/apps/myhive/releases/20211204074149/lib/my_hive/file_manager/document_provider/*.rb /home/deployer/apps/myhive/current/_build/prod/rel/my_hive/bin
  INFO [1407a8d1] Finished in 0.150 seconds with exit status 0 (successful).
  INFO [9fac3944] Running sudo cp -v /home/deployer/apps/myhive/releases/20211204074149/bin/UploadImages.py /home/deployer/apps/myhive/current/_build/prod/rel/my_hive/bin as deployer@my-hive.co.uk
 DEBUG [9fac3944] Command: sudo cp -v /home/deployer/apps/myhive/releases/20211204074149/bin/UploadImages.py /home/deployer/apps/myhive/current/_build/prod/rel/my_hive/bin
 DEBUG [9fac3944] 	'/home/deployer/apps/myhive/releases/20211204074149/bin/UploadImages.py' -> '/home/deployer/apps/myhive/current/_build/prod/rel/my_hive/bin/UploadImages.py'
  INFO [9fac3944] Finished in 0.138 seconds with exit status 0 (successful).
  INFO [fbd9028e] Running cp /home/deployer/apps/myhive/releases/20211204074149/priv/static/favicon.ico  /home/deployer/apps/myhive/releases/20211204074149/_build/prod/rel/my_hive/lib/my_hive-0.1.0/priv/static/favicon.ico as deployer@my-hive.co.uk
 DEBUG [fbd9028e] Command: cp /home/deployer/apps/myhive/releases/20211204074149/priv/static/favicon.ico  /home/deployer/apps/myhive/releases/20211204074149/_build/prod/rel/my_hive/lib/my_hive-0.1.0/priv/static/favicon.ico
  INFO [fbd9028e] Finished in 0.125 seconds with exit status 0 (successful).
  INFO [e1b9f86c] Running sudo mkdir -p /home/deployer/apps/myhive/releases/20211204074149/_build/prod/rel/my_hive/config as deployer@my-hive.co.uk
 DEBUG [e1b9f86c] Command: sudo mkdir -p /home/deployer/apps/myhive/releases/20211204074149/_build/prod/rel/my_hive/config
  INFO [e1b9f86c] Finished in 0.100 seconds with exit status 0 (successful).
  INFO [119890ea] Running sudo cp /home/deployer/apps/myhive/releases/20211204074149/config/AuthKey_SD7Q73HN5W.p8  /home/deployer/apps/myhive/releases/20211204074149/_build/prod/rel/my_hive/config/AuthKey_SD7Q73HN5W.p8 as deployer@my-hive.co.uk
 DEBUG [119890ea] Command: sudo cp /home/deployer/apps/myhive/releases/20211204074149/config/AuthKey_SD7Q73HN5W.p8  /home/deployer/apps/myhive/releases/20211204074149/_build/prod/rel/my_hive/config/AuthKey_SD7Q73HN5W.p8
  INFO [119890ea] Finished in 0.129 seconds with exit status 0 (successful).
  INFO [7683b979] Running sudo mkdir -p /home/deployer/apps/myhive/releases/20211204074149/_build/prod/rel/my_hive/config as deployer@my-hive.co.uk
 DEBUG [7683b979] Command: sudo mkdir -p /home/deployer/apps/myhive/releases/20211204074149/_build/prod/rel/my_hive/config
  INFO [7683b979] Finished in 0.123 seconds with exit status 0 (successful).
  INFO [0699482b] Running sudo cp /home/deployer/apps/myhive/releases/20211204074149/config/files.pem  /home/deployer/apps/myhive/releases/20211204074149/_build/prod/rel/my_hive/config/files.pem as deployer@my-hive.co.uk
 DEBUG [0699482b] Command: sudo cp /home/deployer/apps/myhive/releases/20211204074149/config/files.pem  /home/deployer/apps/myhive/releases/20211204074149/_build/prod/rel/my_hive/config/files.pem
  INFO [0699482b] Finished in 0.121 seconds with exit status 0 (successful).
  INFO [c9696f10] Running sudo cp /home/deployer/apps/myhive/releases/20211204074149/config/f.key  /home/deployer/apps/myhive/releases/20211204074149/_build/prod/rel/my_hive/config/f.key as deployer@my-hive.co.uk
 DEBUG [c9696f10] Command: sudo cp /home/deployer/apps/myhive/releases/20211204074149/config/f.key  /home/deployer/apps/myhive/releases/20211204074149/_build/prod/rel/my_hive/config/f.key
  INFO [c9696f10] Finished in 0.119 seconds with exit status 0 (successful).
  INFO [df8a728d] Running mkdir -p /home/deployer/apps/myhive/releases/20211204074149/_build/prod/rel/my_hive/priv/static as deployer@my-hive.co.uk
 DEBUG [df8a728d] Command: mkdir -p /home/deployer/apps/myhive/releases/20211204074149/_build/prod/rel/my_hive/priv/static
  INFO [df8a728d] Finished in 0.112 seconds with exit status 0 (successful).
 DEBUG Uploading ./priv/static/maintenance.html 0.0%
  INFO Uploading ./priv/static/maintenance.html 100.0%
 DEBUG [c265dd99] Running /usr/bin/env ls -x /home/deployer/apps/myhive/releases as deployer@my-hive.co.uk
 DEBUG [c265dd99] Command: /usr/bin/env ls -x /home/deployer/apps/myhive/releases
 DEBUG [c265dd99] 	20201127175307	20201215195206	20201217213644	20201218070539	20201218070936
20201222212803	20210106212153	20210107194022	20210111203610	20210119061858
20210202063112	20210213072007	20210215215138	20210218210022	20210225211442
20210406131148	20210406133050	20211201064343	20211204074149
 DEBUG [c265dd99] Finished in 0.109 seconds with exit status 0 (successful).
  INFO Keeping 5 of 19 deployed releases on my-hive.co.uk
 DEBUG [2b5a9c8d] Running [ -d /home/deployer/apps/myhive/current ] as deployer@my-hive.co.uk
 DEBUG [2b5a9c8d] Command: [ -d /home/deployer/apps/myhive/current ]
 DEBUG [2b5a9c8d] Finished in 0.105 seconds with exit status 0 (successful).
 DEBUG [c7c0d37d] Running /usr/bin/env readlink /home/deployer/apps/myhive/current as deployer@my-hive.co.uk
 DEBUG [c7c0d37d] Command: /usr/bin/env readlink /home/deployer/apps/myhive/current
 DEBUG [c7c0d37d] 	/home/deployer/apps/myhive/releases/20211204074149
 DEBUG [c7c0d37d] Finished in 0.113 seconds with exit status 0 (successful).
  INFO [2f3730ef] Running /usr/bin/env rm -rf /home/deployer/apps/myhive/releases/20201127175307 /home/deployer/apps/myhive/releases/20201215195206 /home/deployer/apps/myhive/releases/20201217213644 /home/deployer/apps/myhive/releases/20201218070539 /home/deployer/apps/myhive/releases/20201218070936 /home/deployer/apps/myhive/releases/20201222212803 /home/deployer/apps/myhive/releases/20210106212153 /home/deployer/apps/myhive/releases/20210107194022 /home/deployer/apps/myhive/releases/20210111203610 /home/deployer/apps/myhive/releases/20210119061858 /home/deployer/apps/myhive/releases/20210202063112 /home/deployer/apps/myhive/releases/20210213072007 /home/deployer/apps/myhive/releases/20210215215138 /home/deployer/apps/myhive/releases/20210218210022 as deployer@my-hive.co.uk
 DEBUG [2f3730ef] Command: /usr/bin/env rm -rf /home/deployer/apps/myhive/releases/20201127175307 /home/deployer/apps/myhive/releases/20201215195206 /home/deployer/apps/myhive/releases/20201217213644 /home/deployer/apps/myhive/releases/20201218070539 /home/deployer/apps/myhive/releases/20201218070936 /home/deployer/apps/myhive/releases/20201222212803 /home/deployer/apps/myhive/releases/20210106212153 /home/deployer/apps/myhive/releases/20210107194022 /home/deployer/apps/myhive/releases/20210111203610 /home/deployer/apps/myhive/releases/20210119061858 /home/deployer/apps/myhive/releases/20210202063112 /home/deployer/apps/myhive/releases/20210213072007 /home/deployer/apps/myhive/releases/20210215215138 /home/deployer/apps/myhive/releases/20210218210022
 DEBUG [2f3730ef] 	rm: cannot remove '/home/deployer/apps/myhive/releases/20201127175307/_build/prod/rel/my_hive/config/AuthKey_SD7Q73HN5W.p8'
 DEBUG [2f3730ef] 	: Permission denied
 DEBUG [2f3730ef] 	rm: cannot remove '/home/deployer/apps/myhive/releases/20201127175307/_build/prod/rel/my_hive/config/files.pem': Permission denied
 DEBUG [2f3730ef] 	rm: cannot remove '/home/deployer/apps/myhive/releases/20201127175307/_build/prod/rel/my_hive/config/f.key': Permission denied
 DEBUG [2f3730ef] 	rm: cannot remove '/home/deployer/apps/myhive/releases/20201215195206/_build/prod/rel/my_hive/config/AuthKey_SD7Q73HN5W.p8': Permission denied
rm: cannot remove '/home/deployer/apps/myhive/releases/20201215195206/_build/prod/rel/my_hive/config/files.pem': Permission denied
rm: cannot remove '/home/deployer/apps/myhive/releases/20201215195206/_build/prod/rel/my_hive/config/f.key': Permission denied
 DEBUG [2f3730ef] 	rm: cannot remove '/home/deployer/apps/myhive/releases/20201217213644/_build/prod/rel/my_hive/config/AuthKey_SD7Q73HN5W.p8': Permission denied
 DEBUG [2f3730ef] 	rm: cannot remove '/home/deployer/apps/myhive/releases/20201217213644/_build/prod/rel/my_hive/config/files.pem': Permission denied
 DEBUG [2f3730ef] 	rm: cannot remove '/home/deployer/apps/myhive/releases/20201217213644/_build/prod/rel/my_hive/config/f.key': Permission denied
 DEBUG [2f3730ef] 	rm: cannot remove '/home/deployer/apps/myhive/releases/20201218070539/_build/prod/rel/my_hive/config/AuthKey_SD7Q73HN5W.p8': Permission denied
 DEBUG [2f3730ef] 	rm: cannot remove '/home/deployer/apps/myhive/releases/20201218070539/_build/prod/rel/my_hive/config/files.pem': Permission denied
 DEBUG [2f3730ef] 	rm: cannot remove '/home/deployer/apps/myhive/releases/20201218070539/_build/prod/rel/my_hive/config/f.key': Permission denied
 DEBUG [2f3730ef] 	
 DEBUG [2f3730ef] 	rm: cannot remove '/home/deployer/apps/myhive/releases/20201218070936/_build/prod/rel/my_hive/config/AuthKey_SD7Q73HN5W.p8': Permission denied
 DEBUG [2f3730ef] 	rm: cannot remove '/home/deployer/apps/myhive/releases/20201218070936/_build/prod/rel/my_hive/config/files.pem': Permission denied
 DEBUG [2f3730ef] 	rm: cannot remove '/home/deployer/apps/myhive/releases/20201218070936/_build/prod/rel/my_hive/config/f.key': Permission denied
 DEBUG [2f3730ef] 	
 DEBUG [2f3730ef] 	rm: cannot remove '/home/deployer/apps/myhive/releases/20201222212803/_build/prod/rel/my_hive/config/AuthKey_SD7Q73HN5W.p8': Permission denied
rm: cannot remove '/home/deployer/apps/myhive/releases/20201222212803/_build/prod/rel/my_hive/config/files.pem': Permission denied
rm: cannot remove '/home/deployer/apps/myhive/releases/20201222212803/_build/prod/rel/my_hive/config/f.key': Permission denied
 DEBUG [2f3730ef] 	rm: cannot remove '/home/deployer/apps/myhive/releases/20210106212153/_build/prod/rel/my_hive/config/AuthKey_SD7Q73HN5W.p8': Permission denied
 DEBUG [2f3730ef] 	rm: cannot remove '/home/deployer/apps/myhive/releases/20210106212153/_build/prod/rel/my_hive/config/files.pem': Permission denied
 DEBUG [2f3730ef] 	rm: cannot remove '/home/deployer/apps/myhive/releases/20210106212153/_build/prod/rel/my_hive/config/f.key': Permission denied
 DEBUG [2f3730ef] 	rm: cannot remove '/home/deployer/apps/myhive/releases/20210107194022/_build/prod/rel/my_hive/config/AuthKey_SD7Q73HN5W.p8': Permission denied
 DEBUG [2f3730ef] 	rm: cannot remove '/home/deployer/apps/myhive/releases/20210107194022/_build/prod/rel/my_hive/config/files.pem': Permission denied
 DEBUG [2f3730ef] 	rm: cannot remove '/home/deployer/apps/myhive/releases/20210107194022/_build/prod/rel/my_hive/config/f.key': Permission denied
 DEBUG [2f3730ef] 	rm: cannot remove '/home/deployer/apps/myhive/releases/20210111203610/_build/prod/rel/my_hive/config/AuthKey_SD7Q73HN5W.p8': Permission denied
 DEBUG [2f3730ef] 	rm: cannot remove '/home/deployer/apps/myhive/releases/20210111203610/_build/prod/rel/my_hive/config/files.pem': Permission denied
 DEBUG [2f3730ef] 	rm: cannot remove '/home/deployer/apps/myhive/releases/20210111203610/_build/prod/rel/my_hive/config/f.key'
 DEBUG [2f3730ef] 	: Permission denied
 DEBUG [2f3730ef] 	rm: cannot remove '/home/deployer/apps/myhive/releases/20210119061858/_build/prod/rel/my_hive/config/AuthKey_SD7Q73HN5W.p8': Permission denied
 DEBUG [2f3730ef] 	rm: cannot remove '/home/deployer/apps/myhive/releases/20210119061858/_build/prod/rel/my_hive/config/files.pem': Permission denied
 DEBUG [2f3730ef] 	rm: cannot remove '/home/deployer/apps/myhive/releases/20210119061858/_build/prod/rel/my_hive/config/f.key': Permission denied
 DEBUG [2f3730ef] 	rm: cannot remove '/home/deployer/apps/myhive/releases/20210202063112/_build/prod/rel/my_hive/config/AuthKey_SD7Q73HN5W.p8': Permission denied
 DEBUG [2f3730ef] 	rm: cannot remove '/home/deployer/apps/myhive/releases/20210202063112/_build/prod/rel/my_hive/config/files.pem': Permission denied
 DEBUG [2f3730ef] 	rm: cannot remove '/home/deployer/apps/myhive/releases/20210202063112/_build/prod/rel/my_hive/config/f.key': Permission denied
 DEBUG [2f3730ef] 	rm: cannot remove '/home/deployer/apps/myhive/releases/20210213072007/_build/prod/rel/my_hive/config/AuthKey_SD7Q73HN5W.p8': Permission denied
rm: cannot remove '/home/deployer/apps/myhive/releases/20210213072007/_build/prod/rel/my_hive/config/files.pem': Permission denied
rm: cannot remove '/home/deployer/apps/myhive/releases/20210213072007/_build/prod/rel/my_hive/config/f.key': Permission denied
 DEBUG [2f3730ef] 	rm: cannot remove '/home/deployer/apps/myhive/releases/20210215215138/_build/prod/rel/my_hive/config/AuthKey_SD7Q73HN5W.p8': Permission denied
rm: cannot remove '/home/deployer/apps/myhive/releases/20210215215138/_build/prod/rel/my_hive/config/files.pem': Permission denied
rm: cannot remove '/home/deployer/apps/myhive/releases/20210215215138/_build/prod/rel/my_hive/config/f.key': Permission denied
 DEBUG [2f3730ef] 	rm: cannot remove '/home/deployer/apps/myhive/releases/20210218210022/_build/prod/rel/my_hive/config/AuthKey_SD7Q73HN5W.p8': Permission denied
rm: cannot remove '/home/deployer/apps/myhive/releases/20210218210022/_build/prod/rel/my_hive/config/files.pem': Permission denied
rm: cannot remove '/home/deployer/apps/myhive/releases/20210218210022/_build/prod/rel/my_hive/config/f.key': Permission denied
  INFO ---------------------------------------------------------------------------
  INFO START 2021-12-04 07:49:39 +0000 cap production deploy
  INFO ---------------------------------------------------------------------------
  INFO [8f44cca3] Running /usr/bin/env mkdir -p /tmp as deployer@my-hive.co.uk
 DEBUG [8f44cca3] Command: /usr/bin/env mkdir -p /tmp
  INFO [8f44cca3] Finished in 0.424 seconds with exit status 0 (successful).
 DEBUG Uploading /tmp/git-ssh-myhive-production-marcin.sh 0.0%
  INFO Uploading /tmp/git-ssh-myhive-production-marcin.sh 100.0%
  INFO [3819c917] Running /usr/bin/env chmod 700 /tmp/git-ssh-myhive-production-marcin.sh as deployer@my-hive.co.uk
 DEBUG [3819c917] Command: /usr/bin/env chmod 700 /tmp/git-ssh-myhive-production-marcin.sh
  INFO [3819c917] Finished in 0.110 seconds with exit status 0 (successful).
  INFO [afa75ce4] Running /usr/bin/env git ls-remote git@github.com:ulversson/myhive.git HEAD as deployer@my-hive.co.uk
 DEBUG [afa75ce4] Command: ( export GIT_ASKPASS="/bin/echo" GIT_SSH="/tmp/git-ssh-myhive-production-marcin.sh" ; /usr/bin/env git ls-remote git@github.com:ulversson/myhive.git HEAD )
 DEBUG [afa75ce4] 	a77986a201fb0974bcf1b3e57a2febcc33188f3c	HEAD
  INFO [afa75ce4] Finished in 1.527 seconds with exit status 0 (successful).
  INFO [f3343e00] Running /usr/bin/env mkdir -p /home/deployer/apps/myhive/shared /home/deployer/apps/myhive/releases as deployer@my-hive.co.uk
 DEBUG [f3343e00] Command: /usr/bin/env mkdir -p /home/deployer/apps/myhive/shared /home/deployer/apps/myhive/releases
  INFO [f3343e00] Finished in 0.064 seconds with exit status 0 (successful).
  INFO [333961fb] Running /usr/bin/env mkdir -p /home/deployer/apps/myhive/shared as deployer@my-hive.co.uk
 DEBUG [333961fb] Command: /usr/bin/env mkdir -p /home/deployer/apps/myhive/shared
  INFO [333961fb] Finished in 0.115 seconds with exit status 0 (successful).
 DEBUG [8f41d271] Running [ -f /home/deployer/apps/myhive/shared/.env ] as deployer@my-hive.co.uk
 DEBUG [8f41d271] Command: [ -f /home/deployer/apps/myhive/shared/.env ]
 DEBUG [8f41d271] Finished in 0.112 seconds with exit status 0 (successful).
 DEBUG [83cf0329] Running [ -f /home/deployer/apps/myhive/current/REVISION ] as deployer@my-hive.co.uk
 DEBUG [83cf0329] Command: [ -f /home/deployer/apps/myhive/current/REVISION ]
 DEBUG [83cf0329] Finished in 0.110 seconds with exit status 0 (successful).
 DEBUG [3997b64d] Running /usr/bin/env cat /home/deployer/apps/myhive/current/REVISION 2>/dev/null as deployer@my-hive.co.uk
 DEBUG [3997b64d] Command: /usr/bin/env cat /home/deployer/apps/myhive/current/REVISION 2>/dev/null
 DEBUG [3997b64d] 	3648bd8dc16216d081f1cb147a2319710f41be20
 DEBUG [3997b64d] Finished in 0.113 seconds with exit status 0 (successful).
 DEBUG [5e02de5b] Running [ -f /home/deployer/apps/myhive/repo/HEAD ] as deployer@my-hive.co.uk
 DEBUG [5e02de5b] Command: [ -f /home/deployer/apps/myhive/repo/HEAD ]
 DEBUG [5e02de5b] Finished in 0.118 seconds with exit status 0 (successful).
  INFO The repository mirror is at /home/deployer/apps/myhive/repo
 DEBUG [70cc6362] Running if test ! -d /home/deployer/apps/myhive/repo; then echo "Directory does not exist '/home/deployer/apps/myhive/repo'" 1>&2; false; fi as deployer@my-hive.co.uk
 DEBUG [70cc6362] Command: if test ! -d /home/deployer/apps/myhive/repo; then echo "Directory does not exist '/home/deployer/apps/myhive/repo'" 1>&2; false; fi
 DEBUG [70cc6362] Finished in 0.116 seconds with exit status 0 (successful).
  INFO [b62305bf] Running /usr/bin/env git remote set-url origin git@github.com:ulversson/myhive.git as deployer@my-hive.co.uk
 DEBUG [b62305bf] Command: cd /home/deployer/apps/myhive/repo && ( export GIT_ASKPASS="/bin/echo" GIT_SSH="/tmp/git-ssh-myhive-production-marcin.sh" ; /usr/bin/env git remote set-url origin git@github.com:ulversson/myhive.git )
  INFO [b62305bf] Finished in 0.136 seconds with exit status 0 (successful).
  INFO [20670c92] Running /usr/bin/env git remote update --prune as deployer@my-hive.co.uk
 DEBUG [20670c92] Command: cd /home/deployer/apps/myhive/repo && ( export GIT_ASKPASS="/bin/echo" GIT_SSH="/tmp/git-ssh-myhive-production-marcin.sh" ; /usr/bin/env git remote update --prune )
 DEBUG [20670c92] 	Fetching origin
 DEBUG [20670c92] 	From github.com:ulversson/myhive
   845c50d3..8fdcf848  feature/orthanc_conn -> feature/orthanc_conn
  INFO [20670c92] Finished in 1.822 seconds with exit status 0 (successful).
 DEBUG [d46f7986] Running if test ! -d /home/deployer/apps/myhive/repo; then echo "Directory does not exist '/home/deployer/apps/myhive/repo'" 1>&2; false; fi as deployer@my-hive.co.uk
 DEBUG [d46f7986] Command: if test ! -d /home/deployer/apps/myhive/repo; then echo "Directory does not exist '/home/deployer/apps/myhive/repo'" 1>&2; false; fi
 DEBUG [d46f7986] Finished in 0.115 seconds with exit status 0 (successful).
  INFO [8d877928] Running /usr/bin/env mkdir -p /home/deployer/apps/myhive/releases/20211204074942 as deployer@my-hive.co.uk
 DEBUG [8d877928] Command: cd /home/deployer/apps/myhive/repo && ( export GIT_ASKPASS="/bin/echo" GIT_SSH="/tmp/git-ssh-myhive-production-marcin.sh" ; /usr/bin/env mkdir -p /home/deployer/apps/myhive/releases/20211204074942 )
  INFO [8d877928] Finished in 0.120 seconds with exit status 0 (successful).
  INFO [36ed09ed] Running /usr/bin/env git archive feature/orthanc_comm | /usr/bin/env tar -x -f - -C /home/deployer/apps/myhive/releases/20211204074942 as deployer@my-hive.co.uk
 DEBUG [36ed09ed] Command: cd /home/deployer/apps/myhive/repo && ( export GIT_ASKPASS="/bin/echo" GIT_SSH="/tmp/git-ssh-myhive-production-marcin.sh" ; /usr/bin/env git archive feature/orthanc_comm | /usr/bin/env tar -x -f - -C /home/deployer/apps/myhive/releases/20211204074942 )
 DEBUG [36ed09ed] 	fatal: Not a valid object name
 DEBUG [36ed09ed] 	tar: This does not look like a tar archive
 DEBUG [36ed09ed] 	tar: Exiting with failure status due to previous errors
